<?xml version="1.0" encoding="UTF-8"?>
<testng-results ignored="0" total="2" passed="2" failed="0" skipped="0">
  <reporter-output>
  </reporter-output>
  <suite started-at="2024-11-01T11:05:32 IST" name="Suite" finished-at="2024-11-01T11:05:49 IST" duration-ms="17427">
    <groups>
      <group name="WithDataProvider">
        <method signature="Tc_002_LoginPage.testLoginFunctionality()[pri:0, instance:testcases.Tc_002_LoginPage@58fe0499]" name="testLoginFunctionality" class="testcases.Tc_002_LoginPage"/>
      </group> <!-- WithDataProvider -->
      <group name="Regression">
        <method signature="Tc_002_LoginPage.testLoginFunctionality()[pri:0, instance:testcases.Tc_002_LoginPage@58fe0499]" name="testLoginFunctionality" class="testcases.Tc_002_LoginPage"/>
      </group> <!-- Regression -->
      <group name="sanity">
        <method signature="Tc_001_AccountRegistration.test()[pri:0, instance:testcases.Tc_001_AccountRegistration@320de594]" name="test" class="testcases.Tc_001_AccountRegistration"/>
      </group> <!-- sanity -->
    </groups>
    <test started-at="2024-11-01T11:05:32 IST" name="ChromeTest" finished-at="2024-11-01T11:05:49 IST" duration-ms="17427">
      <class name="testcases.Tc_002_LoginPage">
        <test-method is-config="true" signature="setup(java.lang.String,java.lang.String)[pri:0, instance:testcases.Tc_002_LoginPage@58fe0499]" started-at="2024-11-01T11:05:41 IST" name="setup" finished-at="2024-11-01T11:05:43 IST" duration-ms="2130" status="PASS">
          <params>
            <param index="0">
              <value>
                <![CDATA[Windows]]>
              </value>
            </param>
            <param index="1">
              <value>
                <![CDATA[chrome]]>
              </value>
            </param>
          </params>
          <reporter-output>
          </reporter-output>
        </test-method> <!-- setup -->
        <test-method signature="testLoginFunctionality()[pri:0, instance:testcases.Tc_002_LoginPage@58fe0499]" started-at="2024-11-01T11:05:43 IST" name="testLoginFunctionality" finished-at="2024-11-01T11:05:49 IST" duration-ms="5884" status="PASS">
          <reporter-output>
          </reporter-output>
        </test-method> <!-- testLoginFunctionality -->
        <test-method is-config="true" signature="close()[pri:0, instance:testcases.Tc_002_LoginPage@58fe0499]" started-at="2024-11-01T11:05:49 IST" name="close" finished-at="2024-11-01T11:05:49 IST" duration-ms="195" status="PASS">
          <reporter-output>
          </reporter-output>
        </test-method> <!-- close -->
      </class> <!-- testcases.Tc_002_LoginPage -->
      <class name="testcases.Tc_001_AccountRegistration">
        <test-method is-config="true" signature="setup(java.lang.String,java.lang.String)[pri:0, instance:testcases.Tc_001_AccountRegistration@320de594]" started-at="2024-11-01T11:05:32 IST" name="setup" finished-at="2024-11-01T11:05:36 IST" duration-ms="3518" status="PASS">
          <params>
            <param index="0">
              <value>
                <![CDATA[Windows]]>
              </value>
            </param>
            <param index="1">
              <value>
                <![CDATA[chrome]]>
              </value>
            </param>
          </params>
          <reporter-output>
          </reporter-output>
        </test-method> <!-- setup -->
        <test-method signature="test()[pri:0, instance:testcases.Tc_001_AccountRegistration@320de594]" started-at="2024-11-01T11:05:36 IST" name="test" finished-at="2024-11-01T11:05:41 IST" duration-ms="5101" status="PASS">
          <reporter-output>
          </reporter-output>
        </test-method> <!-- test -->
        <test-method is-config="true" signature="close()[pri:0, instance:testcases.Tc_001_AccountRegistration@320de594]" started-at="2024-11-01T11:05:41 IST" name="close" finished-at="2024-11-01T11:05:41 IST" duration-ms="222" status="PASS">
          <reporter-output>
          </reporter-output>
        </test-method> <!-- close -->
      </class> <!-- testcases.Tc_001_AccountRegistration -->
    </test> <!-- ChromeTest -->
  </suite> <!-- Suite -->
</testng-results>
