<?xml version="1.0" encoding="UTF-8"?>
<testng-results ignored="0" total="1" passed="1" failed="0" skipped="0">
  <reporter-output>
  </reporter-output>
  <suite started-at="2025-01-20T13:19:37 IST" name="Suite" finished-at="2025-01-20T13:19:42 IST" duration-ms="5163">
    <groups>
      <group name="AddTocart">
        <method signature="Tc_006_AddToCart.testAddtoCartFunctionalitywithoutLogin()[pri:0, instance:testcases.Tc_006_AddToCart@7be58f16]" name="testAddtoCartFunctionalitywithoutLogin" class="testcases.Tc_006_AddToCart"/>
      </group> <!-- AddTocart -->
    </groups>
    <test started-at="2025-01-20T13:19:37 IST" name="Test" finished-at="2025-01-20T13:19:42 IST" duration-ms="5163">
      <class name="testcases.Tc_006_AddToCart">
        <test-method is-config="true" signature="setup(java.lang.String,java.lang.String)[pri:0, instance:testcases.Tc_006_AddToCart@7be58f16]" started-at="2025-01-20T13:19:37 IST" name="setup" finished-at="2025-01-20T13:19:41 IST" duration-ms="3960" status="PASS">
          <params>
            <param index="0">
              <value>
                <![CDATA[Windows]]>
              </value>
            </param>
            <param index="1">
              <value>
                <![CDATA[chrome]]>
              </value>
            </param>
          </params>
          <reporter-output>
          </reporter-output>
        </test-method> <!-- setup -->
        <test-method signature="testAddtoCartFunctionalitywithoutLogin()[pri:0, instance:testcases.Tc_006_AddToCart@7be58f16]" started-at="2025-01-20T13:19:41 IST" name="testAddtoCartFunctionalitywithoutLogin" finished-at="2025-01-20T13:19:42 IST" duration-ms="821" status="PASS">
          <reporter-output>
          </reporter-output>
        </test-method> <!-- testAddtoCartFunctionalitywithoutLogin -->
        <test-method is-config="true" signature="close()[pri:0, instance:testcases.Tc_006_AddToCart@7be58f16]" started-at="2025-01-20T13:19:42 IST" name="close" finished-at="2025-01-20T13:19:42 IST" duration-ms="302" status="PASS">
          <reporter-output>
          </reporter-output>
        </test-method> <!-- close -->
      </class> <!-- testcases.Tc_006_AddToCart -->
    </test> <!-- Test -->
  </suite> <!-- Suite -->
</testng-results>
